<?xml version="1.0" encoding="UTF-8"?>
<testng-results skipped="0" failed="0" total="1" passed="1">
  <reporter-output>
  </reporter-output>
  <suite name="Default suite" duration-ms="1827" started-at="2017-06-18T08:01:23Z" finished-at="2017-06-18T08:01:25Z">
    <groups>
    </groups>
    <test name="Default test" duration-ms="1827" started-at="2017-06-18T08:01:23Z" finished-at="2017-06-18T08:01:25Z">
      <class name="apiClasses.ReadJsonObject">
        <test-method status="PASS" signature="aptTesting()[pri:0, instance:apiClasses.ReadJsonObject@234bef66]" name="aptTesting" duration-ms="1804" started-at="2017-06-18T13:31:23Z" finished-at="2017-06-18T13:31:25Z">
          <reporter-output>
          </reporter-output>
        </test-method> <!-- aptTesting -->
      </class> <!-- apiClasses.ReadJsonObject -->
    </test> <!-- Default test -->
  </suite> <!-- Default suite -->
</testng-results>
