<?xml version="1.0" encoding="UTF-8"?>
<testng-results skipped="0" failed="0" total="1" passed="1">
  <reporter-output>
  </reporter-output>
  <suite name="Default suite" duration-ms="3603" started-at="2018-03-23T04:15:22Z" finished-at="2018-03-23T04:15:26Z">
    <groups>
    </groups>
    <test name="Default test" duration-ms="3603" started-at="2018-03-23T04:15:22Z" finished-at="2018-03-23T04:15:26Z">
      <class name="firstRESTpackage.APIPOSTtesting">
        <test-method status="PASS" signature="postMethodtesting()[pri:0, instance:firstRESTpackage.APIPOSTtesting@14acaea5]" name="postMethodtesting" duration-ms="3583" started-at="2018-03-23T09:45:22Z" finished-at="2018-03-23T09:45:26Z">
          <reporter-output>
          </reporter-output>
        </test-method> <!-- postMethodtesting -->
      </class> <!-- firstRESTpackage.APIPOSTtesting -->
    </test> <!-- Default test -->
  </suite> <!-- Default suite -->
</testng-results>
